{"/Users/paola/Desktop/Documents/Dev/sabian-symbols/app/_layout.tsx": {"path":"/Users/paola/Desktop/Documents/Dev/sabian-symbols/app/_layout.tsx","statementMap":{"0":{"start":{"line":27,"column":0},"end":{"line":27,"column":36}},"1":{"start":{"line":29,"column":20},"end":{"line":36,"column":2}},"2":{"start":{"line":39,"column":28},"end":{"line":47,"column":4}},"3":{"start":{"line":49,"column":24},"end":{"line":55,"column":4}},"4":{"start":{"line":57,"column":17},"end":{"line":57,"column":47}},"5":{"start":{"line":59,"column":2},"end":{"line":61,"column":15}},"6":{"start":{"line":60,"column":4},"end":{"line":60,"column":41}},"7":{"start":{"line":60,"column":16},"end":{"line":60,"column":41}},"8":{"start":{"line":63,"column":2},"end":{"line":63,"column":27}},"9":{"start":{"line":63,"column":15},"end":{"line":63,"column":27}},"10":{"start":{"line":65,"column":2},"end":{"line":69,"column":4}}},"fnMap":{"0":{"name":"RootLayout","decl":{"start":{"line":38,"column":24},"end":{"line":38,"column":34}},"loc":{"start":{"line":38,"column":37},"end":{"line":70,"column":1}},"line":38},"1":{"name":"(anonymous_1)","decl":{"start":{"line":59,"column":12},"end":{"line":59,"column":13}},"loc":{"start":{"line":59,"column":18},"end":{"line":61,"column":3}},"line":59}},"branchMap":{"0":{"loc":{"start":{"line":57,"column":17},"end":{"line":57,"column":47}},"type":"binary-expr","locations":[{"start":{"line":57,"column":17},"end":{"line":57,"column":32}},{"start":{"line":57,"column":36},"end":{"line":57,"column":47}}],"line":57},"1":{"loc":{"start":{"line":60,"column":4},"end":{"line":60,"column":41}},"type":"if","locations":[{"start":{"line":60,"column":4},"end":{"line":60,"column":41}},{"start":{},"end":{}}],"line":60},"2":{"loc":{"start":{"line":63,"column":2},"end":{"line":63,"column":27}},"type":"if","locations":[{"start":{"line":63,"column":2},"end":{"line":63,"column":27}},{"start":{},"end":{}}],"line":63}},"s":{"0":0,"1":0,"2":0,"3":0,"4":0,"5":0,"6":0,"7":0,"8":0,"9":0,"10":0},"f":{"0":0,"1":0},"b":{"0":[0,0],"1":[0,0],"2":[0,0]}}
,"/Users/paola/Desktop/Documents/Dev/sabian-symbols/app/index.tsx": {"path":"/Users/paola/Desktop/Documents/Dev/sabian-symbols/app/index.tsx","statementMap":{"0":{"start":{"line":9,"column":76},"end":{"line":25,"column":1}},"1":{"start":{"line":13,"column":18},"end":{"line":13,"column":55}},"2":{"start":{"line":15,"column":2},"end":{"line":22,"column":23}},"3":{"start":{"line":16,"column":4},"end":{"line":21,"column":15}},"4":{"start":{"line":24,"column":2},"end":{"line":24,"column":71}},"5":{"start":{"line":28,"column":2},"end":{"line":67,"column":4}},"6":{"start":{"line":31,"column":8},"end":{"line":36,"column":10}},"7":{"start":{"line":50,"column":25},"end":{"line":50,"column":47}},"8":{"start":{"line":55,"column":25},"end":{"line":55,"column":46}},"9":{"start":{"line":62,"column":12},"end":{"line":62,"column":77}},"10":{"start":{"line":70,"column":15},"end":{"line":102,"column":2}}},"fnMap":{"0":{"name":"(anonymous_0)","decl":{"start":{"line":9,"column":76},"end":{"line":9,"column":77}},"loc":{"start":{"line":12,"column":6},"end":{"line":25,"column":1}},"line":12},"1":{"name":"(anonymous_1)","decl":{"start":{"line":15,"column":12},"end":{"line":15,"column":13}},"loc":{"start":{"line":15,"column":18},"end":{"line":22,"column":3}},"line":15},"2":{"name":"HomeScreen","decl":{"start":{"line":27,"column":24},"end":{"line":27,"column":34}},"loc":{"start":{"line":27,"column":37},"end":{"line":68,"column":1}},"line":27},"3":{"name":"(anonymous_3)","decl":{"start":{"line":30,"column":17},"end":{"line":30,"column":18}},"loc":{"start":{"line":31,"column":8},"end":{"line":36,"column":10}},"line":31},"4":{"name":"(anonymous_4)","decl":{"start":{"line":50,"column":19},"end":{"line":50,"column":20}},"loc":{"start":{"line":50,"column":25},"end":{"line":50,"column":47}},"line":50},"5":{"name":"(anonymous_5)","decl":{"start":{"line":55,"column":19},"end":{"line":55,"column":20}},"loc":{"start":{"line":55,"column":25},"end":{"line":55,"column":46}},"line":55},"6":{"name":"(anonymous_6)","decl":{"start":{"line":61,"column":19},"end":{"line":61,"column":20}},"loc":{"start":{"line":62,"column":12},"end":{"line":62,"column":77}},"line":62}},"branchMap":{"0":{"loc":{"start":{"line":11,"column":2},"end":{"line":11,"column":11}},"type":"default-arg","locations":[{"start":{"line":11,"column":10},"end":{"line":11,"column":11}}],"line":11}},"s":{"0":1,"1":10,"2":10,"3":10,"4":10,"5":5,"6":1000,"7":2,"8":2,"9":2,"10":1},"f":{"0":10,"1":10,"2":5,"3":1000,"4":2,"5":2,"6":2},"b":{"0":[0]},"_coverageSchema":"1a1c01bbd47fc00a2c39e90264f33305004495a9","hash":"287fbacd0d0dc1baec0157348387d8318914f614"}
,"/Users/paola/Desktop/Documents/Dev/sabian-symbols/app/natal.tsx": {"path":"/Users/paola/Desktop/Documents/Dev/sabian-symbols/app/natal.tsx","statementMap":{"0":{"start":{"line":45,"column":32},"end":{"line":52,"column":1}},"1":{"start":{"line":54,"column":24},"end":{"line":57,"column":52}},"2":{"start":{"line":55,"column":2},"end":{"line":57,"column":52}},"3":{"start":{"line":60,"column":26},"end":{"line":60,"column":59}},"4":{"start":{"line":61,"column":40},"end":{"line":61,"column":55}},"5":{"start":{"line":62,"column":48},"end":{"line":62,"column":76}},"6":{"start":{"line":63,"column":50},"end":{"line":65,"column":3}},"7":{"start":{"line":66,"column":44},"end":{"line":68,"column":3}},"8":{"start":{"line":69,"column":36},"end":{"line":69,"column":51}},"9":{"start":{"line":70,"column":54},"end":{"line":70,"column":69}},"10":{"start":{"line":71,"column":44},"end":{"line":71,"column":73}},"11":{"start":{"line":72,"column":36},"end":{"line":72,"column":65}},"12":{"start":{"line":74,"column":25},"end":{"line":74,"column":50}},"13":{"start":{"line":75,"column":19},"end":{"line":75,"column":55}},"14":{"start":{"line":77,"column":21},"end":{"line":77,"column":47}},"15":{"start":{"line":77,"column":35},"end":{"line":77,"column":42}},"16":{"start":{"line":81,"column":2},"end":{"line":81,"column":55}},"17":{"start":{"line":81,"column":18},"end":{"line":81,"column":49}},"18":{"start":{"line":81,"column":24},"end":{"line":81,"column":49}},"19":{"start":{"line":83,"column":21},"end":{"line":90,"column":3}},"20":{"start":{"line":84,"column":4},"end":{"line":84,"column":53}},"21":{"start":{"line":84,"column":23},"end":{"line":84,"column":50}},"22":{"start":{"line":85,"column":4},"end":{"line":89,"column":5}},"23":{"start":{"line":86,"column":6},"end":{"line":86,"column":32}},"24":{"start":{"line":87,"column":6},"end":{"line":87,"column":29}},"25":{"start":{"line":88,"column":6},"end":{"line":88,"column":29}},"26":{"start":{"line":92,"column":31},"end":{"line":116,"column":21}},"27":{"start":{"line":93,"column":18},"end":{"line":93,"column":38}},"28":{"start":{"line":94,"column":4},"end":{"line":94,"column":23}},"29":{"start":{"line":94,"column":16},"end":{"line":94,"column":23}},"30":{"start":{"line":98,"column":4},"end":{"line":98,"column":30}},"31":{"start":{"line":99,"column":23},"end":{"line":99,"column":44}},"32":{"start":{"line":100,"column":4},"end":{"line":100,"column":34}},"33":{"start":{"line":102,"column":4},"end":{"line":102,"column":32}},"34":{"start":{"line":103,"column":4},"end":{"line":103,"column":27}},"35":{"start":{"line":104,"column":4},"end":{"line":115,"column":5}},"36":{"start":{"line":105,"column":22},"end":{"line":105,"column":70}},"37":{"start":{"line":106,"column":6},"end":{"line":106,"column":34}},"38":{"start":{"line":107,"column":6},"end":{"line":109,"column":7}},"39":{"start":{"line":108,"column":8},"end":{"line":108,"column":69}},"40":{"start":{"line":111,"column":6},"end":{"line":111,"column":44}},"41":{"start":{"line":111,"column":37},"end":{"line":111,"column":44}},"42":{"start":{"line":112,"column":6},"end":{"line":112,"column":47}},"43":{"start":{"line":114,"column":6},"end":{"line":114,"column":67}},"44":{"start":{"line":114,"column":38},"end":{"line":114,"column":67}},"45":{"start":{"line":118,"column":31},"end":{"line":123,"column":8}},"46":{"start":{"line":119,"column":4},"end":{"line":119,"column":30}},"47":{"start":{"line":120,"column":4},"end":{"line":120,"column":58}},"48":{"start":{"line":120,"column":23},"end":{"line":120,"column":55}},"49":{"start":{"line":121,"column":4},"end":{"line":121,"column":27}},"50":{"start":{"line":122,"column":4},"end":{"line":122,"column":27}},"51":{"start":{"line":125,"column":20},"end":{"line":125,"column":70}},"52":{"start":{"line":127,"column":23},"end":{"line":156,"column":3}},"53":{"start":{"line":128,"column":4},"end":{"line":128,"column":48}},"54":{"start":{"line":128,"column":41},"end":{"line":128,"column":48}},"55":{"start":{"line":129,"column":4},"end":{"line":129,"column":23}},"56":{"start":{"line":130,"column":4},"end":{"line":130,"column":23}},"57":{"start":{"line":131,"column":4},"end":{"line":155,"column":5}},"58":{"start":{"line":132,"column":25},"end":{"line":132,"column":64}},"59":{"start":{"line":133,"column":19},"end":{"line":133,"column":50}},"60":{"start":{"line":134,"column":21},"end":{"line":134,"column":54}},"61":{"start":{"line":136,"column":22},"end":{"line":144,"column":8}},"62":{"start":{"line":146,"column":6},"end":{"line":146,"column":32}},"63":{"start":{"line":147,"column":6},"end":{"line":147,"column":27}},"64":{"start":{"line":149,"column":6},"end":{"line":149,"column":41}},"65":{"start":{"line":150,"column":6},"end":{"line":152,"column":8}},"66":{"start":{"line":154,"column":6},"end":{"line":154,"column":26}},"67":{"start":{"line":158,"column":22},"end":{"line":164,"column":3}},"68":{"start":{"line":159,"column":4},"end":{"line":159,"column":27}},"69":{"start":{"line":160,"column":4},"end":{"line":160,"column":26}},"70":{"start":{"line":161,"column":4},"end":{"line":161,"column":30}},"71":{"start":{"line":162,"column":4},"end":{"line":162,"column":26}},"72":{"start":{"line":163,"column":4},"end":{"line":163,"column":23}},"73":{"start":{"line":166,"column":2},"end":{"line":407,"column":4}},"74":{"start":{"line":170,"column":38},"end":{"line":170,"column":59}},"75":{"start":{"line":203,"column":41},"end":{"line":203,"column":61}},"76":{"start":{"line":208,"column":22},"end":{"line":208,"column":41}},"77":{"start":{"line":209,"column":22},"end":{"line":209,"column":55}},"78":{"start":{"line":227,"column":41},"end":{"line":227,"column":62}},"79":{"start":{"line":243,"column":41},"end":{"line":243,"column":62}},"80":{"start":{"line":253,"column":41},"end":{"line":253,"column":65}},"81":{"start":{"line":265,"column":41},"end":{"line":265,"column":66}},"82":{"start":{"line":267,"column":22},"end":{"line":267,"column":41}},"83":{"start":{"line":268,"column":22},"end":{"line":268,"column":45}},"84":{"start":{"line":275,"column":22},"end":{"line":275,"column":41}},"85":{"start":{"line":276,"column":22},"end":{"line":276,"column":45}},"86":{"start":{"line":304,"column":22},"end":{"line":313,"column":41}},"87":{"start":{"line":307,"column":39},"end":{"line":307,"column":65}},"88":{"start":{"line":340,"column":38},"end":{"line":340,"column":46}},"89":{"start":{"line":342,"column":16},"end":{"line":347,"column":18}},"90":{"start":{"line":369,"column":36},"end":{"line":369,"column":40}},"91":{"start":{"line":372,"column":33},"end":{"line":372,"column":52}},"92":{"start":{"line":373,"column":14},"end":{"line":401,"column":16}},"93":{"start":{"line":380,"column":20},"end":{"line":380,"column":46}},"94":{"start":{"line":381,"column":20},"end":{"line":381,"column":52}},"95":{"start":{"line":410,"column":15},"end":{"line":561,"column":2}}},"fnMap":{"0":{"name":"(anonymous_0)","decl":{"start":{"line":54,"column":24},"end":{"line":54,"column":25}},"loc":{"start":{"line":55,"column":2},"end":{"line":57,"column":52}},"line":55},"1":{"name":"NatalScreen","decl":{"start":{"line":59,"column":24},"end":{"line":59,"column":35}},"loc":{"start":{"line":59,"column":38},"end":{"line":408,"column":1}},"line":59},"2":{"name":"(anonymous_2)","decl":{"start":{"line":77,"column":29},"end":{"line":77,"column":30}},"loc":{"start":{"line":77,"column":35},"end":{"line":77,"column":42}},"line":77},"3":{"name":"(anonymous_3)","decl":{"start":{"line":81,"column":12},"end":{"line":81,"column":13}},"loc":{"start":{"line":81,"column":18},"end":{"line":81,"column":49}},"line":81},"4":{"name":"(anonymous_4)","decl":{"start":{"line":81,"column":18},"end":{"line":81,"column":19}},"loc":{"start":{"line":81,"column":24},"end":{"line":81,"column":49}},"line":81},"5":{"name":"(anonymous_5)","decl":{"start":{"line":83,"column":21},"end":{"line":83,"column":22}},"loc":{"start":{"line":83,"column":64},"end":{"line":90,"column":3}},"line":83},"6":{"name":"(anonymous_6)","decl":{"start":{"line":84,"column":12},"end":{"line":84,"column":13}},"loc":{"start":{"line":84,"column":23},"end":{"line":84,"column":50}},"line":84},"7":{"name":"(anonymous_7)","decl":{"start":{"line":92,"column":43},"end":{"line":92,"column":44}},"loc":{"start":{"line":92,"column":55},"end":{"line":116,"column":3}},"line":92},"8":{"name":"(anonymous_8)","decl":{"start":{"line":118,"column":43},"end":{"line":118,"column":44}},"loc":{"start":{"line":118,"column":67},"end":{"line":123,"column":3}},"line":118},"9":{"name":"(anonymous_9)","decl":{"start":{"line":120,"column":12},"end":{"line":120,"column":13}},"loc":{"start":{"line":120,"column":23},"end":{"line":120,"column":55}},"line":120},"10":{"name":"(anonymous_10)","decl":{"start":{"line":127,"column":23},"end":{"line":127,"column":24}},"loc":{"start":{"line":127,"column":29},"end":{"line":156,"column":3}},"line":127},"11":{"name":"(anonymous_11)","decl":{"start":{"line":158,"column":22},"end":{"line":158,"column":23}},"loc":{"start":{"line":158,"column":28},"end":{"line":164,"column":3}},"line":158},"12":{"name":"(anonymous_12)","decl":{"start":{"line":170,"column":32},"end":{"line":170,"column":33}},"loc":{"start":{"line":170,"column":38},"end":{"line":170,"column":59}},"line":170},"13":{"name":"(anonymous_13)","decl":{"start":{"line":203,"column":34},"end":{"line":203,"column":35}},"loc":{"start":{"line":203,"column":41},"end":{"line":203,"column":61}},"line":203},"14":{"name":"(anonymous_14)","decl":{"start":{"line":207,"column":29},"end":{"line":207,"column":30}},"loc":{"start":{"line":207,"column":35},"end":{"line":210,"column":21}},"line":207},"15":{"name":"(anonymous_15)","decl":{"start":{"line":227,"column":34},"end":{"line":227,"column":35}},"loc":{"start":{"line":227,"column":41},"end":{"line":227,"column":62}},"line":227},"16":{"name":"(anonymous_16)","decl":{"start":{"line":243,"column":34},"end":{"line":243,"column":35}},"loc":{"start":{"line":243,"column":41},"end":{"line":243,"column":62}},"line":243},"17":{"name":"(anonymous_17)","decl":{"start":{"line":253,"column":34},"end":{"line":253,"column":35}},"loc":{"start":{"line":253,"column":41},"end":{"line":253,"column":65}},"line":253},"18":{"name":"(anonymous_18)","decl":{"start":{"line":265,"column":34},"end":{"line":265,"column":35}},"loc":{"start":{"line":265,"column":41},"end":{"line":265,"column":66}},"line":265},"19":{"name":"(anonymous_19)","decl":{"start":{"line":266,"column":37},"end":{"line":266,"column":38}},"loc":{"start":{"line":266,"column":43},"end":{"line":269,"column":21}},"line":266},"20":{"name":"(anonymous_20)","decl":{"start":{"line":274,"column":29},"end":{"line":274,"column":30}},"loc":{"start":{"line":274,"column":35},"end":{"line":277,"column":21}},"line":274},"21":{"name":"(anonymous_21)","decl":{"start":{"line":303,"column":41},"end":{"line":303,"column":42}},"loc":{"start":{"line":304,"column":22},"end":{"line":313,"column":41}},"line":304},"22":{"name":"(anonymous_22)","decl":{"start":{"line":307,"column":33},"end":{"line":307,"column":34}},"loc":{"start":{"line":307,"column":39},"end":{"line":307,"column":65}},"line":307},"23":{"name":"(anonymous_23)","decl":{"start":{"line":340,"column":28},"end":{"line":340,"column":29}},"loc":{"start":{"line":340,"column":38},"end":{"line":340,"column":46}},"line":340},"24":{"name":"(anonymous_24)","decl":{"start":{"line":341,"column":26},"end":{"line":341,"column":27}},"loc":{"start":{"line":342,"column":16},"end":{"line":347,"column":18}},"line":342},"25":{"name":"(anonymous_25)","decl":{"start":{"line":369,"column":26},"end":{"line":369,"column":27}},"loc":{"start":{"line":369,"column":36},"end":{"line":369,"column":40}},"line":369},"26":{"name":"(anonymous_26)","decl":{"start":{"line":371,"column":24},"end":{"line":371,"column":25}},"loc":{"start":{"line":371,"column":38},"end":{"line":402,"column":13}},"line":371},"27":{"name":"(anonymous_27)","decl":{"start":{"line":379,"column":27},"end":{"line":379,"column":28}},"loc":{"start":{"line":379,"column":33},"end":{"line":382,"column":19}},"line":379}},"branchMap":{"0":{"loc":{"start":{"line":55,"column":2},"end":{"line":57,"column":52}},"type":"cond-expr","locations":[{"start":{"line":56,"column":6},"end":{"line":56,"column":19}},{"start":{"line":57,"column":6},"end":{"line":57,"column":52}}],"line":55},"1":{"loc":{"start":{"line":85,"column":4},"end":{"line":89,"column":5}},"type":"if","locations":[{"start":{"line":85,"column":4},"end":{"line":89,"column":5}},{"start":{},"end":{}}],"line":85},"2":{"loc":{"start":{"line":94,"column":4},"end":{"line":94,"column":23}},"type":"if","locations":[{"start":{"line":94,"column":4},"end":{"line":94,"column":23}},{"start":{},"end":{}}],"line":94},"3":{"loc":{"start":{"line":107,"column":6},"end":{"line":109,"column":7}},"type":"if","locations":[{"start":{"line":107,"column":6},"end":{"line":109,"column":7}},{"start":{},"end":{}}],"line":107},"4":{"loc":{"start":{"line":111,"column":6},"end":{"line":111,"column":44}},"type":"if","locations":[{"start":{"line":111,"column":6},"end":{"line":111,"column":44}},{"start":{},"end":{}}],"line":111},"5":{"loc":{"start":{"line":114,"column":6},"end":{"line":114,"column":67}},"type":"if","locations":[{"start":{"line":114,"column":6},"end":{"line":114,"column":67}},{"start":{},"end":{}}],"line":114},"6":{"loc":{"start":{"line":125,"column":28},"end":{"line":125,"column":69}},"type":"binary-expr","locations":[{"start":{"line":125,"column":28},"end":{"line":125,"column":36}},{"start":{"line":125,"column":40},"end":{"line":125,"column":49}},{"start":{"line":125,"column":53},"end":{"line":125,"column":69}}],"line":125},"7":{"loc":{"start":{"line":128,"column":4},"end":{"line":128,"column":48}},"type":"if","locations":[{"start":{"line":128,"column":4},"end":{"line":128,"column":48}},{"start":{},"end":{}}],"line":128},"8":{"loc":{"start":{"line":128,"column":8},"end":{"line":128,"column":39}},"type":"binary-expr","locations":[{"start":{"line":128,"column":8},"end":{"line":128,"column":18}},{"start":{"line":128,"column":22},"end":{"line":128,"column":39}}],"line":128},"9":{"loc":{"start":{"line":132,"column":40},"end":{"line":132,"column":63}},"type":"binary-expr","locations":[{"start":{"line":132,"column":40},"end":{"line":132,"column":50}},{"start":{"line":132,"column":54},"end":{"line":132,"column":63}}],"line":132},"10":{"loc":{"start":{"line":133,"column":28},"end":{"line":133,"column":45}},"type":"binary-expr","locations":[{"start":{"line":133,"column":28},"end":{"line":133,"column":37}},{"start":{"line":133,"column":41},"end":{"line":133,"column":45}}],"line":133},"11":{"loc":{"start":{"line":134,"column":30},"end":{"line":134,"column":49}},"type":"binary-expr","locations":[{"start":{"line":134,"column":30},"end":{"line":134,"column":42}},{"start":{"line":134,"column":46},"end":{"line":134,"column":49}}],"line":134},"12":{"loc":{"start":{"line":170,"column":18},"end":{"line":170,"column":71}},"type":"cond-expr","locations":[{"start":{"line":170,"column":32},"end":{"line":170,"column":59}},{"start":{"line":170,"column":62},"end":{"line":170,"column":71}}],"line":170},"13":{"loc":{"start":{"line":172,"column":12},"end":{"line":176,"column":13}},"type":"binary-expr","locations":[{"start":{"line":172,"column":12},"end":{"line":172,"column":23}},{"start":{"line":173,"column":14},"end":{"line":175,"column":33}}],"line":172},"14":{"loc":{"start":{"line":180,"column":9},"end":{"line":353,"column":9}},"type":"cond-expr","locations":[{"start":{"line":181,"column":10},"end":{"line":331,"column":33}},{"start":{"line":333,"column":10},"end":{"line":352,"column":13}}],"line":180},"15":{"loc":{"start":{"line":183,"column":22},"end":{"line":183,"column":66}},"type":"cond-expr","locations":[{"start":{"line":183,"column":46},"end":{"line":183,"column":55}},{"start":{"line":183,"column":58},"end":{"line":183,"column":66}}],"line":183},"16":{"loc":{"start":{"line":214,"column":24},"end":{"line":214,"column":79}},"type":"cond-expr","locations":[{"start":{"line":214,"column":37},"end":{"line":214,"column":53}},{"start":{"line":214,"column":56},"end":{"line":214,"column":79}}],"line":214},"17":{"loc":{"start":{"line":217,"column":23},"end":{"line":217,"column":44}},"type":"binary-expr","locations":[{"start":{"line":217,"column":23},"end":{"line":217,"column":33}},{"start":{"line":217,"column":37},"end":{"line":217,"column":44}}],"line":217},"18":{"loc":{"start":{"line":279,"column":21},"end":{"line":290,"column":21}},"type":"cond-expr","locations":[{"start":{"line":280,"column":22},"end":{"line":283,"column":24}},{"start":{"line":285,"column":22},"end":{"line":289,"column":24}}],"line":279},"19":{"loc":{"start":{"line":293,"column":17},"end":{"line":297,"column":17}},"type":"binary-expr","locations":[{"start":{"line":293,"column":17},"end":{"line":293,"column":33}},{"start":{"line":294,"column":18},"end":{"line":296,"column":25}}],"line":293},"20":{"loc":{"start":{"line":298,"column":17},"end":{"line":300,"column":17}},"type":"binary-expr","locations":[{"start":{"line":298,"column":17},"end":{"line":298,"column":30}},{"start":{"line":299,"column":18},"end":{"line":299,"column":71}}],"line":298},"21":{"loc":{"start":{"line":301,"column":17},"end":{"line":316,"column":17}},"type":"binary-expr","locations":[{"start":{"line":301,"column":17},"end":{"line":301,"column":43}},{"start":{"line":302,"column":18},"end":{"line":315,"column":25}}],"line":301},"22":{"loc":{"start":{"line":317,"column":17},"end":{"line":321,"column":17}},"type":"binary-expr","locations":[{"start":{"line":317,"column":17},"end":{"line":317,"column":26}},{"start":{"line":318,"column":18},"end":{"line":320,"column":25}}],"line":317},"23":{"loc":{"start":{"line":377,"column":20},"end":{"line":377,"column":58}},"type":"binary-expr","locations":[{"start":{"line":377,"column":20},"end":{"line":377,"column":30}},{"start":{"line":377,"column":34},"end":{"line":377,"column":58}}],"line":377},"24":{"loc":{"start":{"line":388,"column":22},"end":{"line":388,"column":64}},"type":"binary-expr","locations":[{"start":{"line":388,"column":22},"end":{"line":388,"column":32}},{"start":{"line":388,"column":36},"end":{"line":388,"column":64}}],"line":388},"25":{"loc":{"start":{"line":393,"column":19},"end":{"line":399,"column":19}},"type":"binary-expr","locations":[{"start":{"line":393,"column":19},"end":{"line":393,"column":29}},{"start":{"line":394,"column":20},"end":{"line":398,"column":22}}],"line":393},"26":{"loc":{"start":{"line":420,"column":16},"end":{"line":420,"column":49}},"type":"cond-expr","locations":[{"start":{"line":420,"column":44},"end":{"line":420,"column":45}},{"start":{"line":420,"column":48},"end":{"line":420,"column":49}}],"line":420}},"s":{"0":1,"1":1,"2":1,"3":14,"4":14,"5":14,"6":14,"7":14,"8":14,"9":14,"10":14,"11":14,"12":14,"13":14,"14":14,"15":4,"16":14,"17":4,"18":4,"19":14,"20":3,"21":3,"22":3,"23":3,"24":3,"25":3,"26":14,"27":3,"28":3,"29":0,"30":3,"31":3,"32":3,"33":3,"34":3,"35":3,"36":3,"37":2,"38":2,"39":0,"40":1,"41":0,"42":1,"43":3,"44":3,"45":14,"46":1,"47":1,"48":1,"49":1,"50":1,"51":14,"52":14,"53":0,"54":0,"55":0,"56":0,"57":0,"58":0,"59":0,"60":0,"61":0,"62":0,"63":0,"64":0,"65":0,"66":0,"67":14,"68":0,"69":0,"70":0,"71":0,"72":0,"73":14,"74":0,"75":0,"76":0,"77":0,"78":0,"79":0,"80":0,"81":3,"82":3,"83":3,"84":0,"85":0,"86":2,"87":1,"88":0,"89":0,"90":0,"91":168,"92":168,"93":0,"94":0,"95":1},"f":{"0":1,"1":14,"2":4,"3":4,"4":4,"5":3,"6":3,"7":3,"8":1,"9":1,"10":0,"11":0,"12":0,"13":0,"14":0,"15":0,"16":0,"17":0,"18":3,"19":3,"20":0,"21":2,"22":1,"23":0,"24":0,"25":0,"26":168,"27":0},"b":{"0":[0,1],"1":[3,0],"2":[0,3],"3":[0,2],"4":[0,1],"5":[3,0],"6":[14,0,0],"7":[0,0],"8":[0,0],"9":[0,0],"10":[0,0],"11":[0,0],"12":[0,14],"13":[14,0],"14":[14,0],"15":[14,0],"16":[0,14],"17":[14,14],"18":[3,11],"19":[14,1],"20":[14,1],"21":[14,2],"22":[14,0],"23":[168,0],"24":[168,0],"25":[168,0],"26":[0,1]},"_coverageSchema":"1a1c01bbd47fc00a2c39e90264f33305004495a9","hash":"0e4919eb0ef0ca12dc9e2f64e79a18ad8c3365bc"}
,"/Users/paola/Desktop/Documents/Dev/sabian-symbols/app/results.tsx": {"path":"/Users/paola/Desktop/Documents/Dev/sabian-symbols/app/results.tsx","statementMap":{"0":{"start":{"line":24,"column":20},"end":{"line":29,"column":1}},"1":{"start":{"line":25,"column":14},"end":{"line":25,"column":36}},"2":{"start":{"line":26,"column":2},"end":{"line":27,"column":64}},"3":{"start":{"line":27,"column":4},"end":{"line":27,"column":64}},"4":{"start":{"line":28,"column":2},"end":{"line":28,"column":62}},"5":{"start":{"line":31,"column":24},"end":{"line":34,"column":47}},"6":{"start":{"line":32,"column":2},"end":{"line":34,"column":47}},"7":{"start":{"line":41,"column":6},"end":{"line":41,"column":74}},"8":{"start":{"line":43,"column":23},"end":{"line":43,"column":56}},"9":{"start":{"line":49,"column":26},"end":{"line":49,"column":53}},"10":{"start":{"line":50,"column":30},"end":{"line":50,"column":66}},"11":{"start":{"line":51,"column":30},"end":{"line":51,"column":53}},"12":{"start":{"line":53,"column":22},"end":{"line":53,"column":62}},"13":{"start":{"line":54,"column":22},"end":{"line":54,"column":59}},"14":{"start":{"line":56,"column":2},"end":{"line":61,"column":33}},"15":{"start":{"line":57,"column":4},"end":{"line":57,"column":44}},"16":{"start":{"line":57,"column":37},"end":{"line":57,"column":44}},"17":{"start":{"line":58,"column":4},"end":{"line":58,"column":35}},"18":{"start":{"line":59,"column":4},"end":{"line":59,"column":39}},"19":{"start":{"line":60,"column":4},"end":{"line":60,"column":20}},"20":{"start":{"line":63,"column":17},"end":{"line":63,"column":54}},"21":{"start":{"line":64,"column":20},"end":{"line":64,"column":75}},"22":{"start":{"line":65,"column":18},"end":{"line":65,"column":68}},"23":{"start":{"line":66,"column":16},"end":{"line":66,"column":62}},"24":{"start":{"line":68,"column":19},"end":{"line":85,"column":3}},"25":{"start":{"line":70,"column":19},"end":{"line":70,"column":65}},"26":{"start":{"line":71,"column":20},"end":{"line":71,"column":24}},"27":{"start":{"line":73,"column":6},"end":{"line":79,"column":7}},"28":{"start":{"line":74,"column":8},"end":{"line":74,"column":19}},"29":{"start":{"line":75,"column":8},"end":{"line":75,"column":44}},"30":{"start":{"line":76,"column":13},"end":{"line":79,"column":7}},"31":{"start":{"line":77,"column":8},"end":{"line":77,"column":20}},"32":{"start":{"line":78,"column":8},"end":{"line":78,"column":45}},"33":{"start":{"line":81,"column":6},"end":{"line":81,"column":23}},"34":{"start":{"line":82,"column":6},"end":{"line":82,"column":24}},"35":{"start":{"line":87,"column":2},"end":{"line":162,"column":4}},"36":{"start":{"line":94,"column":31},"end":{"line":94,"column":48}},"37":{"start":{"line":108,"column":31},"end":{"line":108,"column":47}},"38":{"start":{"line":139,"column":14},"end":{"line":139,"column":68}},"39":{"start":{"line":157,"column":57},"end":{"line":157,"column":70}},"40":{"start":{"line":165,"column":15},"end":{"line":210,"column":2}}},"fnMap":{"0":{"name":"(anonymous_0)","decl":{"start":{"line":24,"column":20},"end":{"line":24,"column":21}},"loc":{"start":{"line":24,"column":78},"end":{"line":29,"column":1}},"line":24},"1":{"name":"(anonymous_1)","decl":{"start":{"line":31,"column":24},"end":{"line":31,"column":25}},"loc":{"start":{"line":32,"column":2},"end":{"line":34,"column":47}},"line":32},"2":{"name":"ResultsScreen","decl":{"start":{"line":36,"column":24},"end":{"line":36,"column":37}},"loc":{"start":{"line":36,"column":40},"end":{"line":163,"column":1}},"line":36},"3":{"name":"(anonymous_3)","decl":{"start":{"line":56,"column":12},"end":{"line":56,"column":13}},"loc":{"start":{"line":56,"column":18},"end":{"line":61,"column":3}},"line":56},"4":{"name":"(anonymous_4)","decl":{"start":{"line":69,"column":4},"end":{"line":69,"column":5}},"loc":{"start":{"line":69,"column":37},"end":{"line":83,"column":5}},"line":69},"5":{"name":"(anonymous_5)","decl":{"start":{"line":94,"column":25},"end":{"line":94,"column":26}},"loc":{"start":{"line":94,"column":31},"end":{"line":94,"column":48}},"line":94},"6":{"name":"(anonymous_6)","decl":{"start":{"line":108,"column":25},"end":{"line":108,"column":26}},"loc":{"start":{"line":108,"column":31},"end":{"line":108,"column":47}},"line":108},"7":{"name":"(anonymous_7)","decl":{"start":{"line":138,"column":21},"end":{"line":138,"column":22}},"loc":{"start":{"line":139,"column":14},"end":{"line":139,"column":68}},"line":139},"8":{"name":"(anonymous_8)","decl":{"start":{"line":157,"column":51},"end":{"line":157,"column":52}},"loc":{"start":{"line":157,"column":57},"end":{"line":157,"column":70}},"line":157}},"branchMap":{"0":{"loc":{"start":{"line":26,"column":2},"end":{"line":27,"column":64}},"type":"if","locations":[{"start":{"line":26,"column":2},"end":{"line":27,"column":64}},{"start":{},"end":{}}],"line":26},"1":{"loc":{"start":{"line":27,"column":11},"end":{"line":27,"column":63}},"type":"cond-expr","locations":[{"start":{"line":27,"column":38},"end":{"line":27,"column":46}},{"start":{"line":27,"column":49},"end":{"line":27,"column":63}}],"line":27},"2":{"loc":{"start":{"line":28,"column":9},"end":{"line":28,"column":61}},"type":"cond-expr","locations":[{"start":{"line":28,"column":21},"end":{"line":28,"column":44}},{"start":{"line":28,"column":47},"end":{"line":28,"column":61}}],"line":28},"3":{"loc":{"start":{"line":32,"column":2},"end":{"line":34,"column":47}},"type":"cond-expr","locations":[{"start":{"line":33,"column":6},"end":{"line":33,"column":19}},{"start":{"line":34,"column":6},"end":{"line":34,"column":47}}],"line":32},"4":{"loc":{"start":{"line":43,"column":23},"end":{"line":43,"column":56}},"type":"binary-expr","locations":[{"start":{"line":43,"column":23},"end":{"line":43,"column":40}},{"start":{"line":43,"column":44},"end":{"line":43,"column":56}}],"line":43},"5":{"loc":{"start":{"line":49,"column":35},"end":{"line":49,"column":52}},"type":"binary-expr","locations":[{"start":{"line":49,"column":35},"end":{"line":49,"column":46}},{"start":{"line":49,"column":50},"end":{"line":49,"column":52}}],"line":49},"6":{"loc":{"start":{"line":50,"column":39},"end":{"line":50,"column":65}},"type":"binary-expr","locations":[{"start":{"line":50,"column":39},"end":{"line":50,"column":60}},{"start":{"line":50,"column":64},"end":{"line":50,"column":65}}],"line":50},"7":{"loc":{"start":{"line":53,"column":38},"end":{"line":53,"column":61}},"type":"binary-expr","locations":[{"start":{"line":53,"column":38},"end":{"line":53,"column":50}},{"start":{"line":53,"column":54},"end":{"line":53,"column":61}}],"line":53},"8":{"loc":{"start":{"line":57,"column":4},"end":{"line":57,"column":44}},"type":"if","locations":[{"start":{"line":57,"column":4},"end":{"line":57,"column":44}},{"start":{},"end":{}}],"line":57},"9":{"loc":{"start":{"line":57,"column":8},"end":{"line":57,"column":35}},"type":"binary-expr","locations":[{"start":{"line":57,"column":8},"end":{"line":57,"column":25}},{"start":{"line":57,"column":29},"end":{"line":57,"column":35}}],"line":57},"10":{"loc":{"start":{"line":63,"column":17},"end":{"line":63,"column":54}},"type":"cond-expr","locations":[{"start":{"line":63,"column":26},"end":{"line":63,"column":42}},{"start":{"line":63,"column":45},"end":{"line":63,"column":54}}],"line":63},"11":{"loc":{"start":{"line":64,"column":20},"end":{"line":64,"column":75}},"type":"cond-expr","locations":[{"start":{"line":64,"column":29},"end":{"line":64,"column":51}},{"start":{"line":64,"column":54},"end":{"line":64,"column":75}}],"line":64},"12":{"loc":{"start":{"line":65,"column":18},"end":{"line":65,"column":68}},"type":"cond-expr","locations":[{"start":{"line":65,"column":27},"end":{"line":65,"column":46}},{"start":{"line":65,"column":49},"end":{"line":65,"column":68}}],"line":65},"13":{"loc":{"start":{"line":66,"column":16},"end":{"line":66,"column":62}},"type":"cond-expr","locations":[{"start":{"line":66,"column":25},"end":{"line":66,"column":42}},{"start":{"line":66,"column":45},"end":{"line":66,"column":62}}],"line":66},"14":{"loc":{"start":{"line":70,"column":19},"end":{"line":70,"column":65}},"type":"cond-expr","locations":[{"start":{"line":70,"column":42},"end":{"line":70,"column":52}},{"start":{"line":70,"column":55},"end":{"line":70,"column":65}}],"line":70},"15":{"loc":{"start":{"line":73,"column":6},"end":{"line":79,"column":7}},"type":"if","locations":[{"start":{"line":73,"column":6},"end":{"line":79,"column":7}},{"start":{"line":76,"column":13},"end":{"line":79,"column":7}}],"line":73},"16":{"loc":{"start":{"line":76,"column":13},"end":{"line":79,"column":7}},"type":"if","locations":[{"start":{"line":76,"column":13},"end":{"line":79,"column":7}},{"start":{},"end":{}}],"line":76},"17":{"loc":{"start":{"line":96,"column":26},"end":{"line":96,"column":46}},"type":"binary-expr","locations":[{"start":{"line":96,"column":26},"end":{"line":96,"column":35}},{"start":{"line":96,"column":39},"end":{"line":96,"column":46}}],"line":96},"18":{"loc":{"start":{"line":103,"column":20},"end":{"line":103,"column":80}},"type":"cond-expr","locations":[{"start":{"line":103,"column":43},"end":{"line":103,"column":57}},{"start":{"line":103,"column":60},"end":{"line":103,"column":80}}],"line":103},"19":{"loc":{"start":{"line":103,"column":20},"end":{"line":103,"column":40}},"type":"binary-expr","locations":[{"start":{"line":103,"column":20},"end":{"line":103,"column":29}},{"start":{"line":103,"column":33},"end":{"line":103,"column":40}}],"line":103},"20":{"loc":{"start":{"line":110,"column":26},"end":{"line":110,"column":46}},"type":"binary-expr","locations":[{"start":{"line":110,"column":26},"end":{"line":110,"column":35}},{"start":{"line":110,"column":39},"end":{"line":110,"column":46}}],"line":110},"21":{"loc":{"start":{"line":117,"column":20},"end":{"line":117,"column":80}},"type":"cond-expr","locations":[{"start":{"line":117,"column":43},"end":{"line":117,"column":57}},{"start":{"line":117,"column":60},"end":{"line":117,"column":80}}],"line":117},"22":{"loc":{"start":{"line":117,"column":20},"end":{"line":117,"column":40}},"type":"binary-expr","locations":[{"start":{"line":117,"column":20},"end":{"line":117,"column":29}},{"start":{"line":117,"column":33},"end":{"line":117,"column":40}}],"line":117},"23":{"loc":{"start":{"line":126,"column":7},"end":{"line":160,"column":14}},"type":"cond-expr","locations":[{"start":{"line":127,"column":8},"end":{"line":127,"column":25}},{"start":{"line":128,"column":10},"end":{"line":160,"column":14}}],"line":126},"24":{"loc":{"start":{"line":128,"column":10},"end":{"line":160,"column":14}},"type":"cond-expr","locations":[{"start":{"line":129,"column":8},"end":{"line":143,"column":15}},{"start":{"line":144,"column":10},"end":{"line":160,"column":14}}],"line":128},"25":{"loc":{"start":{"line":139,"column":14},"end":{"line":139,"column":68}},"type":"cond-expr","locations":[{"start":{"line":139,"column":23},"end":{"line":139,"column":44}},{"start":{"line":139,"column":47},"end":{"line":139,"column":68}}],"line":139},"26":{"loc":{"start":{"line":144,"column":10},"end":{"line":160,"column":14}},"type":"cond-expr","locations":[{"start":{"line":145,"column":8},"end":{"line":159,"column":21}},{"start":{"line":160,"column":10},"end":{"line":160,"column":14}}],"line":144},"27":{"loc":{"start":{"line":175,"column":16},"end":{"line":175,"column":49}},"type":"cond-expr","locations":[{"start":{"line":175,"column":44},"end":{"line":175,"column":45}},{"start":{"line":175,"column":48},"end":{"line":175,"column":49}}],"line":175}},"s":{"0":1,"1":0,"2":0,"3":0,"4":0,"5":1,"6":1,"7":3,"8":3,"9":3,"10":3,"11":3,"12":3,"13":3,"14":3,"15":3,"16":3,"17":0,"18":0,"19":0,"20":3,"21":3,"22":3,"23":3,"24":3,"25":0,"26":0,"27":0,"28":0,"29":0,"30":0,"31":0,"32":0,"33":0,"34":0,"35":3,"36":0,"37":0,"38":0,"39":2,"40":1},"f":{"0":0,"1":1,"2":3,"3":3,"4":0,"5":0,"6":0,"7":0,"8":2},"b":{"0":[0,0],"1":[0,0],"2":[0,0],"3":[0,1],"4":[3,0],"5":[3,0],"6":[3,0],"7":[3,0],"8":[3,0],"9":[3,0],"10":[3,0],"11":[3,0],"12":[3,0],"13":[3,0],"14":[0,0],"15":[0,0],"16":[0,0],"17":[3,3],"18":[0,3],"19":[3,3],"20":[3,3],"21":[0,3],"22":[3,3],"23":[0,3],"24":[1,2],"25":[0,0],"26":[2,0],"27":[0,1]},"_coverageSchema":"1a1c01bbd47fc00a2c39e90264f33305004495a9","hash":"4354edefdb5b8eb2d523c033c45f6c25458e9d31"}
,"/Users/paola/Desktop/Documents/Dev/sabian-symbols/app/search.tsx": {"path":"/Users/paola/Desktop/Documents/Dev/sabian-symbols/app/search.tsx","statementMap":{"0":{"start":{"line":22,"column":16},"end":{"line":22,"column":67}},"1":{"start":{"line":22,"column":53},"end":{"line":22,"column":66}},"2":{"start":{"line":25,"column":42},"end":{"line":25,"column":71}},"3":{"start":{"line":26,"column":46},"end":{"line":26,"column":75}},"4":{"start":{"line":27,"column":42},"end":{"line":27,"column":68}},"5":{"start":{"line":29,"column":25},"end":{"line":29,"column":50}},"6":{"start":{"line":30,"column":21},"end":{"line":30,"column":47}},"7":{"start":{"line":30,"column":35},"end":{"line":30,"column":42}},"8":{"start":{"line":32,"column":21},"end":{"line":35,"column":8}},"9":{"start":{"line":33,"column":4},"end":{"line":33,"column":26}},"10":{"start":{"line":34,"column":4},"end":{"line":34,"column":37}},"11":{"start":{"line":37,"column":22},"end":{"line":40,"column":8}},"12":{"start":{"line":38,"column":4},"end":{"line":38,"column":36}},"13":{"start":{"line":39,"column":4},"end":{"line":39,"column":26}},"14":{"start":{"line":42,"column":27},"end":{"line":49,"column":3}},"15":{"start":{"line":44,"column":6},"end":{"line":44,"column":28}},"16":{"start":{"line":45,"column":6},"end":{"line":45,"column":30}},"17":{"start":{"line":46,"column":6},"end":{"line":46,"column":20}},"18":{"start":{"line":51,"column":29},"end":{"line":57,"column":3}},"19":{"start":{"line":53,"column":6},"end":{"line":53,"column":40}},"20":{"start":{"line":54,"column":6},"end":{"line":54,"column":20}},"21":{"start":{"line":59,"column":20},"end":{"line":59,"column":50}},"22":{"start":{"line":61,"column":23},"end":{"line":67,"column":3}},"23":{"start":{"line":62,"column":4},"end":{"line":62,"column":27}},"24":{"start":{"line":62,"column":20},"end":{"line":62,"column":27}},"25":{"start":{"line":63,"column":4},"end":{"line":66,"column":7}},"26":{"start":{"line":69,"column":2},"end":{"line":192,"column":4}},"27":{"start":{"line":83,"column":27},"end":{"line":83,"column":45}},"28":{"start":{"line":108,"column":27},"end":{"line":108,"column":47}},"29":{"start":{"line":143,"column":25},"end":{"line":143,"column":46}},"30":{"start":{"line":149,"column":36},"end":{"line":149,"column":51}},"31":{"start":{"line":152,"column":29},"end":{"line":152,"column":52}},"32":{"start":{"line":153,"column":33},"end":{"line":155,"column":49}},"33":{"start":{"line":157,"column":14},"end":{"line":186,"column":16}},"34":{"start":{"line":164,"column":20},"end":{"line":166,"column":58}},"35":{"start":{"line":195,"column":15},"end":{"line":279,"column":2}}},"fnMap":{"0":{"name":"(anonymous_0)","decl":{"start":{"line":22,"column":43},"end":{"line":22,"column":44}},"loc":{"start":{"line":22,"column":53},"end":{"line":22,"column":66}},"line":22},"1":{"name":"SearchScreen","decl":{"start":{"line":24,"column":24},"end":{"line":24,"column":36}},"loc":{"start":{"line":24,"column":39},"end":{"line":193,"column":1}},"line":24},"2":{"name":"(anonymous_2)","decl":{"start":{"line":30,"column":29},"end":{"line":30,"column":30}},"loc":{"start":{"line":30,"column":35},"end":{"line":30,"column":42}},"line":30},"3":{"name":"(anonymous_3)","decl":{"start":{"line":32,"column":33},"end":{"line":32,"column":34}},"loc":{"start":{"line":32,"column":55},"end":{"line":35,"column":3}},"line":32},"4":{"name":"(anonymous_4)","decl":{"start":{"line":37,"column":34},"end":{"line":37,"column":35}},"loc":{"start":{"line":37,"column":40},"end":{"line":40,"column":3}},"line":37},"5":{"name":"(anonymous_5)","decl":{"start":{"line":43,"column":4},"end":{"line":43,"column":5}},"loc":{"start":{"line":43,"column":22},"end":{"line":47,"column":5}},"line":43},"6":{"name":"(anonymous_6)","decl":{"start":{"line":52,"column":4},"end":{"line":52,"column":5}},"loc":{"start":{"line":52,"column":24},"end":{"line":55,"column":5}},"line":52},"7":{"name":"(anonymous_7)","decl":{"start":{"line":61,"column":23},"end":{"line":61,"column":24}},"loc":{"start":{"line":61,"column":29},"end":{"line":67,"column":3}},"line":61},"8":{"name":"(anonymous_8)","decl":{"start":{"line":83,"column":21},"end":{"line":83,"column":22}},"loc":{"start":{"line":83,"column":27},"end":{"line":83,"column":45}},"line":83},"9":{"name":"(anonymous_9)","decl":{"start":{"line":108,"column":21},"end":{"line":108,"column":22}},"loc":{"start":{"line":108,"column":27},"end":{"line":108,"column":47}},"line":108},"10":{"name":"(anonymous_10)","decl":{"start":{"line":143,"column":19},"end":{"line":143,"column":20}},"loc":{"start":{"line":143,"column":25},"end":{"line":143,"column":46}},"line":143},"11":{"name":"(anonymous_11)","decl":{"start":{"line":149,"column":26},"end":{"line":149,"column":27}},"loc":{"start":{"line":149,"column":36},"end":{"line":149,"column":51}},"line":149},"12":{"name":"(anonymous_12)","decl":{"start":{"line":151,"column":24},"end":{"line":151,"column":25}},"loc":{"start":{"line":151,"column":38},"end":{"line":187,"column":13}},"line":151},"13":{"name":"(anonymous_13)","decl":{"start":{"line":163,"column":27},"end":{"line":163,"column":28}},"loc":{"start":{"line":164,"column":20},"end":{"line":166,"column":58}},"line":164}},"branchMap":{"0":{"loc":{"start":{"line":59,"column":20},"end":{"line":59,"column":50}},"type":"binary-expr","locations":[{"start":{"line":59,"column":20},"end":{"line":59,"column":32}},{"start":{"line":59,"column":36},"end":{"line":59,"column":50}}],"line":59},"1":{"loc":{"start":{"line":62,"column":4},"end":{"line":62,"column":27}},"type":"if","locations":[{"start":{"line":62,"column":4},"end":{"line":62,"column":27}},{"start":{},"end":{}}],"line":62},"2":{"loc":{"start":{"line":82,"column":34},"end":{"line":82,"column":68}},"type":"binary-expr","locations":[{"start":{"line":82,"column":34},"end":{"line":82,"column":46}},{"start":{"line":82,"column":50},"end":{"line":82,"column":68}}],"line":82},"3":{"loc":{"start":{"line":89,"column":16},"end":{"line":89,"column":56}},"type":"binary-expr","locations":[{"start":{"line":89,"column":16},"end":{"line":89,"column":29}},{"start":{"line":89,"column":33},"end":{"line":89,"column":56}}],"line":89},"4":{"loc":{"start":{"line":92,"column":15},"end":{"line":92,"column":46}},"type":"binary-expr","locations":[{"start":{"line":92,"column":15},"end":{"line":92,"column":27}},{"start":{"line":92,"column":31},"end":{"line":92,"column":46}}],"line":92},"5":{"loc":{"start":{"line":106,"column":14},"end":{"line":106,"column":59}},"type":"binary-expr","locations":[{"start":{"line":106,"column":14},"end":{"line":106,"column":37}},{"start":{"line":106,"column":41},"end":{"line":106,"column":59}}],"line":106},"6":{"loc":{"start":{"line":115,"column":16},"end":{"line":115,"column":66}},"type":"binary-expr","locations":[{"start":{"line":115,"column":16},"end":{"line":115,"column":39}},{"start":{"line":115,"column":43},"end":{"line":115,"column":66}}],"line":115},"7":{"loc":{"start":{"line":118,"column":15},"end":{"line":120,"column":35}},"type":"cond-expr","locations":[{"start":{"line":119,"column":18},"end":{"line":119,"column":38}},{"start":{"line":120,"column":18},"end":{"line":120,"column":35}}],"line":118},"8":{"loc":{"start":{"line":148,"column":18},"end":{"line":148,"column":59}},"type":"cond-expr","locations":[{"start":{"line":148,"column":44},"end":{"line":148,"column":49}},{"start":{"line":148,"column":52},"end":{"line":148,"column":59}}],"line":148},"9":{"loc":{"start":{"line":153,"column":33},"end":{"line":155,"column":49}},"type":"cond-expr","locations":[{"start":{"line":154,"column":18},"end":{"line":154,"column":39}},{"start":{"line":155,"column":18},"end":{"line":155,"column":49}}],"line":153},"10":{"loc":{"start":{"line":161,"column":20},"end":{"line":161,"column":58}},"type":"binary-expr","locations":[{"start":{"line":161,"column":20},"end":{"line":161,"column":30}},{"start":{"line":161,"column":34},"end":{"line":161,"column":58}}],"line":161},"11":{"loc":{"start":{"line":164,"column":20},"end":{"line":166,"column":58}},"type":"cond-expr","locations":[{"start":{"line":165,"column":24},"end":{"line":165,"column":56}},{"start":{"line":166,"column":24},"end":{"line":166,"column":58}}],"line":164},"12":{"loc":{"start":{"line":173,"column":22},"end":{"line":173,"column":64}},"type":"binary-expr","locations":[{"start":{"line":173,"column":22},"end":{"line":173,"column":32}},{"start":{"line":173,"column":36},"end":{"line":173,"column":64}}],"line":173},"13":{"loc":{"start":{"line":176,"column":21},"end":{"line":176,"column":47}},"type":"cond-expr","locations":[{"start":{"line":176,"column":30},"end":{"line":176,"column":34}},{"start":{"line":176,"column":37},"end":{"line":176,"column":47}}],"line":176},"14":{"loc":{"start":{"line":178,"column":19},"end":{"line":184,"column":19}},"type":"binary-expr","locations":[{"start":{"line":178,"column":19},"end":{"line":178,"column":29}},{"start":{"line":179,"column":20},"end":{"line":183,"column":22}}],"line":178},"15":{"loc":{"start":{"line":202,"column":16},"end":{"line":202,"column":49}},"type":"cond-expr","locations":[{"start":{"line":202,"column":44},"end":{"line":202,"column":45}},{"start":{"line":202,"column":48},"end":{"line":202,"column":49}}],"line":202}},"s":{"0":1,"1":30,"2":7,"3":7,"4":7,"5":7,"6":7,"7":4,"8":7,"9":2,"10":2,"11":7,"12":1,"13":1,"14":7,"15":1,"16":1,"17":1,"18":7,"19":0,"20":0,"21":7,"22":7,"23":0,"24":0,"25":0,"26":7,"27":2,"28":0,"29":0,"30":0,"31":174,"32":174,"33":174,"34":1,"35":1},"f":{"0":30,"1":7,"2":4,"3":2,"4":1,"5":1,"6":0,"7":0,"8":2,"9":0,"10":0,"11":0,"12":174,"13":1},"b":{"0":[7,1],"1":[0,0],"2":[7,1],"3":[7,6],"4":[7,6],"5":[7,0],"6":[7,7],"7":[0,7],"8":[2,5],"9":[24,150],"10":[174,0],"11":[1,0],"12":[174,0],"13":[24,150],"14":[174,0],"15":[0,1]},"_coverageSchema":"1a1c01bbd47fc00a2c39e90264f33305004495a9","hash":"f99507b4a57ea7cbf34b6bb9af1ce9ed3d329d3d"}
,"/Users/paola/Desktop/Documents/Dev/sabian-symbols/components/DegreeCard.tsx": {"path":"/Users/paola/Desktop/Documents/Dev/sabian-symbols/components/DegreeCard.tsx","statementMap":{"0":{"start":{"line":19,"column":2},"end":{"line":41,"column":4}},"1":{"start":{"line":44,"column":15},"end":{"line":101,"column":2}}},"fnMap":{"0":{"name":"DegreeCard","decl":{"start":{"line":12,"column":24},"end":{"line":12,"column":34}},"loc":{"start":{"line":18,"column":10},"end":{"line":42,"column":1}},"line":18}},"branchMap":{},"s":{"0":2,"1":1},"f":{"0":2},"b":{},"_coverageSchema":"1a1c01bbd47fc00a2c39e90264f33305004495a9","hash":"c6090c17a42f30801588b489ca886e964319a749"}
,"/Users/paola/Desktop/Documents/Dev/sabian-symbols/components/LoadingScreen.tsx": {"path":"/Users/paola/Desktop/Documents/Dev/sabian-symbols/components/LoadingScreen.tsx","statementMap":{"0":{"start":{"line":9,"column":19},"end":{"line":9,"column":56}},"1":{"start":{"line":10,"column":18},"end":{"line":10,"column":57}},"2":{"start":{"line":12,"column":2},"end":{"line":46,"column":26}},"3":{"start":{"line":13,"column":17},"end":{"line":19,"column":5}},"4":{"start":{"line":21,"column":18},"end":{"line":34,"column":5}},"5":{"start":{"line":36,"column":4},"end":{"line":36,"column":17}},"6":{"start":{"line":37,"column":4},"end":{"line":37,"column":18}},"7":{"start":{"line":42,"column":4},"end":{"line":45,"column":6}},"8":{"start":{"line":43,"column":6},"end":{"line":43,"column":18}},"9":{"start":{"line":44,"column":6},"end":{"line":44,"column":19}},"10":{"start":{"line":48,"column":17},"end":{"line":51,"column":4}},"11":{"start":{"line":53,"column":2},"end":{"line":69,"column":4}},"12":{"start":{"line":57,"column":10},"end":{"line":62,"column":12}},"13":{"start":{"line":72,"column":15},"end":{"line":85,"column":2}}},"fnMap":{"0":{"name":"LoadingScreen","decl":{"start":{"line":8,"column":24},"end":{"line":8,"column":37}},"loc":{"start":{"line":8,"column":40},"end":{"line":70,"column":1}},"line":8},"1":{"name":"(anonymous_1)","decl":{"start":{"line":12,"column":12},"end":{"line":12,"column":13}},"loc":{"start":{"line":12,"column":18},"end":{"line":46,"column":3}},"line":12},"2":{"name":"(anonymous_2)","decl":{"start":{"line":42,"column":11},"end":{"line":42,"column":12}},"loc":{"start":{"line":42,"column":17},"end":{"line":45,"column":5}},"line":42},"3":{"name":"(anonymous_3)","decl":{"start":{"line":56,"column":19},"end":{"line":56,"column":20}},"loc":{"start":{"line":57,"column":10},"end":{"line":62,"column":12}},"line":57}},"branchMap":{},"s":{"0":1,"1":1,"2":1,"3":1,"4":1,"5":1,"6":1,"7":1,"8":1,"9":1,"10":1,"11":1,"12":200,"13":1},"f":{"0":1,"1":1,"2":1,"3":200},"b":{},"_coverageSchema":"1a1c01bbd47fc00a2c39e90264f33305004495a9","hash":"4e979bd8f5df8eb986caaa955dbcd44dd6fb66f0"}
,"/Users/paola/Desktop/Documents/Dev/sabian-symbols/components/PlanetRow.tsx": {"path":"/Users/paola/Desktop/Documents/Dev/sabian-symbols/components/PlanetRow.tsx","statementMap":{"0":{"start":{"line":10,"column":20},"end":{"line":14,"column":1}},"1":{"start":{"line":11,"column":16},"end":{"line":11,"column":47}},"2":{"start":{"line":12,"column":18},"end":{"line":12,"column":57}},"3":{"start":{"line":13,"column":2},"end":{"line":13,"column":48}},"4":{"start":{"line":17,"column":17},"end":{"line":17,"column":63}},"5":{"start":{"line":17,"column":31},"end":{"line":17,"column":51}},"6":{"start":{"line":19,"column":22},"end":{"line":24,"column":3}},"7":{"start":{"line":20,"column":4},"end":{"line":23,"column":7}},"8":{"start":{"line":26,"column":2},"end":{"line":39,"column":4}},"9":{"start":{"line":42,"column":15},"end":{"line":70,"column":2}}},"fnMap":{"0":{"name":"(anonymous_0)","decl":{"start":{"line":10,"column":20},"end":{"line":10,"column":21}},"loc":{"start":{"line":10,"column":45},"end":{"line":14,"column":1}},"line":10},"1":{"name":"PlanetRow","decl":{"start":{"line":16,"column":24},"end":{"line":16,"column":33}},"loc":{"start":{"line":16,"column":76},"end":{"line":40,"column":1}},"line":16},"2":{"name":"(anonymous_2)","decl":{"start":{"line":17,"column":25},"end":{"line":17,"column":26}},"loc":{"start":{"line":17,"column":31},"end":{"line":17,"column":51}},"line":17},"3":{"name":"(anonymous_3)","decl":{"start":{"line":19,"column":22},"end":{"line":19,"column":23}},"loc":{"start":{"line":19,"column":28},"end":{"line":24,"column":3}},"line":19}},"branchMap":{"0":{"loc":{"start":{"line":12,"column":18},"end":{"line":12,"column":57}},"type":"cond-expr","locations":[{"start":{"line":12,"column":34},"end":{"line":12,"column":46}},{"start":{"line":12,"column":49},"end":{"line":12,"column":57}}],"line":12},"1":{"loc":{"start":{"line":13,"column":9},"end":{"line":13,"column":47}},"type":"cond-expr","locations":[{"start":{"line":13,"column":24},"end":{"line":13,"column":36}},{"start":{"line":13,"column":39},"end":{"line":13,"column":47}}],"line":13}},"s":{"0":1,"1":4,"2":4,"3":4,"4":4,"5":4,"6":4,"7":3,"8":4,"9":1},"f":{"0":4,"1":4,"2":4,"3":3},"b":{"0":[0,4],"1":[1,3]},"_coverageSchema":"1a1c01bbd47fc00a2c39e90264f33305004495a9","hash":"e56be698f61231a08b7241e979772f883416eee8"}
,"/Users/paola/Desktop/Documents/Dev/sabian-symbols/components/Star.tsx": {"path":"/Users/paola/Desktop/Documents/Dev/sabian-symbols/components/Star.tsx","statementMap":{"0":{"start":{"line":11,"column":18},"end":{"line":11,"column":79}},"1":{"start":{"line":12,"column":16},"end":{"line":12,"column":53}},"2":{"start":{"line":14,"column":2},"end":{"line":36,"column":9}},"3":{"start":{"line":15,"column":18},"end":{"line":15,"column":38}},"4":{"start":{"line":17,"column":17},"end":{"line":33,"column":5}},"5":{"start":{"line":35,"column":4},"end":{"line":35,"column":17}},"6":{"start":{"line":38,"column":2},"end":{"line":52,"column":4}}},"fnMap":{"0":{"name":"Star","decl":{"start":{"line":10,"column":24},"end":{"line":10,"column":28}},"loc":{"start":{"line":10,"column":61},"end":{"line":53,"column":1}},"line":10},"1":{"name":"(anonymous_1)","decl":{"start":{"line":14,"column":12},"end":{"line":14,"column":13}},"loc":{"start":{"line":14,"column":18},"end":{"line":36,"column":3}},"line":14}},"branchMap":{},"s":{"0":0,"1":0,"2":0,"3":0,"4":0,"5":0,"6":0},"f":{"0":0,"1":0},"b":{}}
,"/Users/paola/Desktop/Documents/Dev/sabian-symbols/components/ui/back-button.tsx": {"path":"/Users/paola/Desktop/Documents/Dev/sabian-symbols/components/ui/back-button.tsx","statementMap":{"0":{"start":{"line":7,"column":2},"end":{"line":11,"column":4}},"1":{"start":{"line":8,"column":37},"end":{"line":8,"column":50}}},"fnMap":{"0":{"name":"BackButton","decl":{"start":{"line":6,"column":24},"end":{"line":6,"column":34}},"loc":{"start":{"line":6,"column":37},"end":{"line":12,"column":1}},"line":6},"1":{"name":"(anonymous_1)","decl":{"start":{"line":8,"column":31},"end":{"line":8,"column":32}},"loc":{"start":{"line":8,"column":37},"end":{"line":8,"column":50}},"line":8}},"branchMap":{},"s":{"0":10,"1":0},"f":{"0":10,"1":0},"b":{},"_coverageSchema":"1a1c01bbd47fc00a2c39e90264f33305004495a9","hash":"d11439c8c620476e4aeaae3c44d9c3d2c463f24e"}
,"/Users/paola/Desktop/Documents/Dev/sabian-symbols/components/ui/home-button.tsx": {"path":"/Users/paola/Desktop/Documents/Dev/sabian-symbols/components/ui/home-button.tsx","statementMap":{"0":{"start":{"line":18,"column":2},"end":{"line":45,"column":4}},"1":{"start":{"line":48,"column":15},"end":{"line":90,"column":2}}},"fnMap":{"0":{"name":"OracleButton","decl":{"start":{"line":12,"column":24},"end":{"line":12,"column":36}},"loc":{"start":{"line":17,"column":10},"end":{"line":46,"column":1}},"line":17}},"branchMap":{"0":{"loc":{"start":{"line":16,"column":2},"end":{"line":16,"column":21}},"type":"default-arg","locations":[{"start":{"line":16,"column":12},"end":{"line":16,"column":21}}],"line":16},"1":{"loc":{"start":{"line":20,"column":26},"end":{"line":20,"column":68}},"type":"binary-expr","locations":[{"start":{"line":20,"column":26},"end":{"line":20,"column":47}},{"start":{"line":20,"column":51},"end":{"line":20,"column":68}}],"line":20},"2":{"loc":{"start":{"line":29,"column":12},"end":{"line":31,"column":42}},"type":"cond-expr","locations":[{"start":{"line":30,"column":16},"end":{"line":30,"column":39}},{"start":{"line":31,"column":16},"end":{"line":31,"column":42}}],"line":29},"3":{"loc":{"start":{"line":37,"column":29},"end":{"line":37,"column":72}},"type":"binary-expr","locations":[{"start":{"line":37,"column":29},"end":{"line":37,"column":50}},{"start":{"line":37,"column":54},"end":{"line":37,"column":72}}],"line":37}},"s":{"0":0,"1":0},"f":{"0":0},"b":{"0":[0],"1":[0,0],"2":[0,0],"3":[0,0]}}
,"/Users/paola/Desktop/Documents/Dev/sabian-symbols/components/ui/primary-button.tsx": {"path":"/Users/paola/Desktop/Documents/Dev/sabian-symbols/components/ui/primary-button.tsx","statementMap":{"0":{"start":{"line":17,"column":21},"end":{"line":17,"column":42}},"1":{"start":{"line":19,"column":2},"end":{"line":33,"column":4}},"2":{"start":{"line":36,"column":15},"end":{"line":58,"column":2}}},"fnMap":{"0":{"name":"PrimaryButton","decl":{"start":{"line":16,"column":24},"end":{"line":16,"column":37}},"loc":{"start":{"line":16,"column":93},"end":{"line":34,"column":1}},"line":16}},"branchMap":{"0":{"loc":{"start":{"line":17,"column":21},"end":{"line":17,"column":42}},"type":"binary-expr","locations":[{"start":{"line":17,"column":21},"end":{"line":17,"column":29}},{"start":{"line":17,"column":33},"end":{"line":17,"column":42}}],"line":17},"1":{"loc":{"start":{"line":21,"column":26},"end":{"line":21,"column":58}},"type":"binary-expr","locations":[{"start":{"line":21,"column":26},"end":{"line":21,"column":36}},{"start":{"line":21,"column":40},"end":{"line":21,"column":58}}],"line":21},"2":{"loc":{"start":{"line":25,"column":7},"end":{"line":31,"column":7}},"type":"cond-expr","locations":[{"start":{"line":26,"column":8},"end":{"line":26,"column":69}},{"start":{"line":28,"column":8},"end":{"line":30,"column":15}}],"line":25},"3":{"loc":{"start":{"line":28,"column":36},"end":{"line":28,"column":70}},"type":"binary-expr","locations":[{"start":{"line":28,"column":36},"end":{"line":28,"column":46}},{"start":{"line":28,"column":50},"end":{"line":28,"column":70}}],"line":28}},"s":{"0":7,"1":7,"2":1},"f":{"0":7},"b":{"0":[7,0],"1":[7,7],"2":[0,7],"3":[7,7]},"_coverageSchema":"1a1c01bbd47fc00a2c39e90264f33305004495a9","hash":"9dbb18133c9e1a2b417a268b02bc26d49e126e3c"}
,"/Users/paola/Desktop/Documents/Dev/sabian-symbols/components/ui/screen-header.tsx": {"path":"/Users/paola/Desktop/Documents/Dev/sabian-symbols/components/ui/screen-header.tsx","statementMap":{"0":{"start":{"line":13,"column":2},"end":{"line":24,"column":4}},"1":{"start":{"line":27,"column":15},"end":{"line":39,"column":2}}},"fnMap":{"0":{"name":"ScreenHeader","decl":{"start":{"line":12,"column":24},"end":{"line":12,"column":36}},"loc":{"start":{"line":12,"column":63},"end":{"line":25,"column":1}},"line":12}},"branchMap":{"0":{"loc":{"start":{"line":15,"column":7},"end":{"line":21,"column":7}},"type":"cond-expr","locations":[{"start":{"line":16,"column":8},"end":{"line":18,"column":27}},{"start":{"line":20,"column":8},"end":{"line":20,"column":22}}],"line":15},"1":{"loc":{"start":{"line":22,"column":7},"end":{"line":22,"column":57}},"type":"binary-expr","locations":[{"start":{"line":22,"column":7},"end":{"line":22,"column":12}},{"start":{"line":22,"column":16},"end":{"line":22,"column":57}}],"line":22},"2":{"loc":{"start":{"line":33,"column":16},"end":{"line":33,"column":49}},"type":"cond-expr","locations":[{"start":{"line":33,"column":44},"end":{"line":33,"column":45}},{"start":{"line":33,"column":48},"end":{"line":33,"column":49}}],"line":33}},"s":{"0":10,"1":2},"f":{"0":10},"b":{"0":[0,10],"1":[10,3],"2":[0,2]},"_coverageSchema":"1a1c01bbd47fc00a2c39e90264f33305004495a9","hash":"f075cc4f7b5b2682324a49e368ba750a03e6b386"}
,"/Users/paola/Desktop/Documents/Dev/sabian-symbols/hooks/use-degree.ts": {"path":"/Users/paola/Desktop/Documents/Dev/sabian-symbols/hooks/use-degree.ts","statementMap":{"0":{"start":{"line":6,"column":31},"end":{"line":17,"column":1}},"1":{"start":{"line":7,"column":21},"end":{"line":7,"column":47}},"2":{"start":{"line":8,"column":2},"end":{"line":16,"column":5}},"3":{"start":{"line":10,"column":19},"end":{"line":10,"column":38}},"4":{"start":{"line":11,"column":31},"end":{"line":11,"column":67}},"5":{"start":{"line":19,"column":31},"end":{"line":27,"column":4}},"6":{"start":{"line":20,"column":2},"end":{"line":27,"column":4}},"7":{"start":{"line":22,"column":19},"end":{"line":22,"column":59}}},"fnMap":{"0":{"name":"(anonymous_0)","decl":{"start":{"line":6,"column":31},"end":{"line":6,"column":32}},"loc":{"start":{"line":6,"column":51},"end":{"line":17,"column":1}},"line":6},"1":{"name":"(anonymous_1)","decl":{"start":{"line":10,"column":13},"end":{"line":10,"column":14}},"loc":{"start":{"line":10,"column":19},"end":{"line":10,"column":38}},"line":10},"2":{"name":"(anonymous_2)","decl":{"start":{"line":11,"column":12},"end":{"line":11,"column":13}},"loc":{"start":{"line":11,"column":31},"end":{"line":11,"column":67}},"line":11},"3":{"name":"(anonymous_3)","decl":{"start":{"line":19,"column":31},"end":{"line":19,"column":32}},"loc":{"start":{"line":20,"column":2},"end":{"line":27,"column":4}},"line":20},"4":{"name":"(anonymous_4)","decl":{"start":{"line":22,"column":13},"end":{"line":22,"column":14}},"loc":{"start":{"line":22,"column":19},"end":{"line":22,"column":59}},"line":22}},"branchMap":{"0":{"loc":{"start":{"line":6,"column":32},"end":{"line":6,"column":46}},"type":"default-arg","locations":[{"start":{"line":6,"column":42},"end":{"line":6,"column":46}}],"line":6},"1":{"loc":{"start":{"line":11,"column":31},"end":{"line":11,"column":67}},"type":"cond-expr","locations":[{"start":{"line":11,"column":53},"end":{"line":11,"column":60}},{"start":{"line":11,"column":63},"end":{"line":11,"column":67}}],"line":11},"2":{"loc":{"start":{"line":19,"column":62},"end":{"line":19,"column":76}},"type":"default-arg","locations":[{"start":{"line":19,"column":72},"end":{"line":19,"column":76}}],"line":19},"3":{"loc":{"start":{"line":23,"column":13},"end":{"line":23,"column":42}},"type":"binary-expr","locations":[{"start":{"line":23,"column":13},"end":{"line":23,"column":20}},{"start":{"line":23,"column":24},"end":{"line":23,"column":30}},{"start":{"line":23,"column":34},"end":{"line":23,"column":42}}],"line":23}},"s":{"0":1,"1":7,"2":7,"3":4,"4":4,"5":1,"6":6,"7":2},"f":{"0":7,"1":4,"2":4,"3":6,"4":2},"b":{"0":[0],"1":[2,2],"2":[0],"3":[6,6,5]},"_coverageSchema":"1a1c01bbd47fc00a2c39e90264f33305004495a9","hash":"bfc07e0f48502797c44b405222fa4663b3ad486d"}
,"/Users/paola/Desktop/Documents/Dev/sabian-symbols/services/api.ts": {"path":"/Users/paola/Desktop/Documents/Dev/sabian-symbols/services/api.ts","statementMap":{"0":{"start":{"line":3,"column":16},"end":{"line":3,"column":47}},"1":{"start":{"line":5,"column":36},"end":{"line":9,"column":1}},"2":{"start":{"line":17,"column":38},"end":{"line":21,"column":1}},"3":{"start":{"line":29,"column":4},"end":{"line":29,"column":19}},"4":{"start":{"line":30,"column":4},"end":{"line":30,"column":27}},"5":{"start":{"line":46,"column":2},"end":{"line":51,"column":3}},"6":{"start":{"line":47,"column":4},"end":{"line":47,"column":36}},"7":{"start":{"line":49,"column":4},"end":{"line":49,"column":56}},"8":{"start":{"line":50,"column":4},"end":{"line":50,"column":82}},"9":{"start":{"line":53,"column":2},"end":{"line":60,"column":3}},"10":{"start":{"line":54,"column":4},"end":{"line":54,"column":53}},"11":{"start":{"line":55,"column":4},"end":{"line":59,"column":6}},"12":{"start":{"line":62,"column":2},"end":{"line":67,"column":3}},"13":{"start":{"line":63,"column":4},"end":{"line":63,"column":35}},"14":{"start":{"line":65,"column":4},"end":{"line":65,"column":64}},"15":{"start":{"line":66,"column":4},"end":{"line":66,"column":81}},"16":{"start":{"line":70,"column":33},"end":{"line":75,"column":3}},"17":{"start":{"line":71,"column":2},"end":{"line":75,"column":3}},"18":{"start":{"line":77,"column":42},"end":{"line":89,"column":3}},"19":{"start":{"line":81,"column":2},"end":{"line":89,"column":3}},"20":{"start":{"line":91,"column":32},"end":{"line":107,"column":1}},"21":{"start":{"line":95,"column":15},"end":{"line":99,"column":3}},"22":{"start":{"line":101,"column":2},"end":{"line":106,"column":6}},"23":{"start":{"line":101,"column":29},"end":{"line":106,"column":3}}},"fnMap":{"0":{"name":"(anonymous_0)","decl":{"start":{"line":24,"column":2},"end":{"line":24,"column":3}},"loc":{"start":{"line":28,"column":4},"end":{"line":31,"column":3}},"line":28},"1":{"name":"request","decl":{"start":{"line":40,"column":15},"end":{"line":40,"column":22}},"loc":{"start":{"line":44,"column":14},"end":{"line":68,"column":1}},"line":44},"2":{"name":"(anonymous_2)","decl":{"start":{"line":70,"column":33},"end":{"line":70,"column":34}},"loc":{"start":{"line":71,"column":2},"end":{"line":75,"column":3}},"line":71},"3":{"name":"(anonymous_3)","decl":{"start":{"line":77,"column":42},"end":{"line":77,"column":43}},"loc":{"start":{"line":81,"column":2},"end":{"line":89,"column":3}},"line":81},"4":{"name":"(anonymous_4)","decl":{"start":{"line":91,"column":32},"end":{"line":91,"column":33}},"loc":{"start":{"line":94,"column":30},"end":{"line":107,"column":1}},"line":94},"5":{"name":"(anonymous_5)","decl":{"start":{"line":101,"column":18},"end":{"line":101,"column":19}},"loc":{"start":{"line":101,"column":29},"end":{"line":106,"column":3}},"line":101}},"branchMap":{"0":{"loc":{"start":{"line":53,"column":2},"end":{"line":60,"column":3}},"type":"if","locations":[{"start":{"line":53,"column":2},"end":{"line":60,"column":3}},{"start":{},"end":{}}],"line":53}},"s":{"0":2,"1":2,"2":2,"3":4,"4":4,"5":9,"6":9,"7":1,"8":1,"9":8,"10":2,"11":2,"12":6,"13":6,"14":1,"15":1,"16":2,"17":4,"18":2,"19":2,"20":2,"21":3,"22":3,"23":1},"f":{"0":4,"1":9,"2":4,"3":2,"4":3,"5":1},"b":{"0":[2,6]},"_coverageSchema":"1a1c01bbd47fc00a2c39e90264f33305004495a9","hash":"c23fbf647a0eaaff1b04af50468a1bac1a2ab9f1"}
,"/Users/paola/Desktop/Documents/Dev/sabian-symbols/services/astrology.ts": {"path":"/Users/paola/Desktop/Documents/Dev/sabian-symbols/services/astrology.ts","statementMap":{"0":{"start":{"line":14,"column":22},"end":{"line":14,"column":54}},"1":{"start":{"line":22,"column":36},"end":{"line":53,"column":1}},"2":{"start":{"line":25,"column":17},"end":{"line":33,"column":4}},"3":{"start":{"line":35,"column":20},"end":{"line":35,"column":61}},"4":{"start":{"line":37,"column":33},"end":{"line":37,"column":67}},"5":{"start":{"line":38,"column":33},"end":{"line":38,"column":62}},"6":{"start":{"line":40,"column":2},"end":{"line":40,"column":43}},"7":{"start":{"line":41,"column":2},"end":{"line":41,"column":44}},"8":{"start":{"line":42,"column":2},"end":{"line":42,"column":44}},"9":{"start":{"line":44,"column":2},"end":{"line":52,"column":8}},"10":{"start":{"line":45,"column":49},"end":{"line":45,"column":78}},"11":{"start":{"line":46,"column":20},"end":{"line":52,"column":5}}},"fnMap":{"0":{"name":"(anonymous_0)","decl":{"start":{"line":22,"column":36},"end":{"line":22,"column":37}},"loc":{"start":{"line":24,"column":21},"end":{"line":53,"column":1}},"line":24},"1":{"name":"(anonymous_1)","decl":{"start":{"line":45,"column":12},"end":{"line":45,"column":13}},"loc":{"start":{"line":45,"column":49},"end":{"line":45,"column":78}},"line":45},"2":{"name":"(anonymous_2)","decl":{"start":{"line":46,"column":9},"end":{"line":46,"column":10}},"loc":{"start":{"line":46,"column":20},"end":{"line":52,"column":5}},"line":46}},"branchMap":{"0":{"loc":{"start":{"line":49,"column":12},"end":{"line":49,"column":34}},"type":"binary-expr","locations":[{"start":{"line":49,"column":12},"end":{"line":49,"column":28}},{"start":{"line":49,"column":32},"end":{"line":49,"column":34}}],"line":49},"1":{"loc":{"start":{"line":50,"column":15},"end":{"line":50,"column":35}},"type":"binary-expr","locations":[{"start":{"line":50,"column":15},"end":{"line":50,"column":29}},{"start":{"line":50,"column":33},"end":{"line":50,"column":35}}],"line":50},"2":{"loc":{"start":{"line":51,"column":15},"end":{"line":51,"column":72}},"type":"binary-expr","locations":[{"start":{"line":51,"column":15},"end":{"line":51,"column":66}},{"start":{"line":51,"column":70},"end":{"line":51,"column":72}}],"line":51}},"s":{"0":0,"1":0,"2":0,"3":0,"4":0,"5":0,"6":0,"7":0,"8":0,"9":0,"10":0,"11":0},"f":{"0":0,"1":0,"2":0},"b":{"0":[0,0],"1":[0,0],"2":[0,0]}}
}
