TN:
SF:app/_layout.tsx
FN:38,RootLayout
FN:59,(anonymous_1)
FNF:2
FNH:0
FNDA:0,RootLayout
FNDA:0,(anonymous_1)
DA:27,0
DA:29,0
DA:39,0
DA:49,0
DA:57,0
DA:59,0
DA:60,0
DA:63,0
DA:65,0
LF:9
LH:0
BRDA:57,0,0,0
BRDA:57,0,1,0
BRDA:60,1,0,0
BRDA:60,1,1,0
BRDA:63,2,0,0
BRDA:63,2,1,0
BRF:6
BRH:0
end_of_record
TN:
SF:app/index.tsx
FN:9,(anonymous_0)
FN:15,(anonymous_1)
FN:27,HomeScreen
FN:30,(anonymous_3)
FN:50,(anonymous_4)
FN:55,(anonymous_5)
FN:61,(anonymous_6)
FNF:7
FNH:7
FNDA:10,(anonymous_0)
FNDA:10,(anonymous_1)
FNDA:5,HomeScreen
FNDA:1000,(anonymous_3)
FNDA:2,(anonymous_4)
FNDA:2,(anonymous_5)
FNDA:2,(anonymous_6)
DA:9,1
DA:13,10
DA:15,10
DA:16,10
DA:24,10
DA:28,5
DA:31,1000
DA:50,2
DA:55,2
DA:62,2
DA:70,1
LF:11
LH:11
BRDA:11,0,0,0
BRF:1
BRH:0
end_of_record
TN:
SF:app/natal.tsx
FN:54,(anonymous_0)
FN:59,NatalScreen
FN:77,(anonymous_2)
FN:81,(anonymous_3)
FN:81,(anonymous_4)
FN:83,(anonymous_5)
FN:84,(anonymous_6)
FN:92,(anonymous_7)
FN:118,(anonymous_8)
FN:120,(anonymous_9)
FN:127,(anonymous_10)
FN:158,(anonymous_11)
FN:170,(anonymous_12)
FN:203,(anonymous_13)
FN:207,(anonymous_14)
FN:227,(anonymous_15)
FN:243,(anonymous_16)
FN:253,(anonymous_17)
FN:265,(anonymous_18)
FN:266,(anonymous_19)
FN:274,(anonymous_20)
FN:303,(anonymous_21)
FN:307,(anonymous_22)
FN:340,(anonymous_23)
FN:341,(anonymous_24)
FN:369,(anonymous_25)
FN:371,(anonymous_26)
FN:379,(anonymous_27)
FNF:28
FNH:15
FNDA:1,(anonymous_0)
FNDA:14,NatalScreen
FNDA:4,(anonymous_2)
FNDA:4,(anonymous_3)
FNDA:4,(anonymous_4)
FNDA:3,(anonymous_5)
FNDA:3,(anonymous_6)
FNDA:3,(anonymous_7)
FNDA:1,(anonymous_8)
FNDA:1,(anonymous_9)
FNDA:0,(anonymous_10)
FNDA:0,(anonymous_11)
FNDA:0,(anonymous_12)
FNDA:0,(anonymous_13)
FNDA:0,(anonymous_14)
FNDA:0,(anonymous_15)
FNDA:0,(anonymous_16)
FNDA:0,(anonymous_17)
FNDA:3,(anonymous_18)
FNDA:3,(anonymous_19)
FNDA:0,(anonymous_20)
FNDA:2,(anonymous_21)
FNDA:1,(anonymous_22)
FNDA:0,(anonymous_23)
FNDA:0,(anonymous_24)
FNDA:0,(anonymous_25)
FNDA:168,(anonymous_26)
FNDA:0,(anonymous_27)
DA:45,1
DA:54,1
DA:55,1
DA:60,14
DA:61,14
DA:62,14
DA:63,14
DA:66,14
DA:69,14
DA:70,14
DA:71,14
DA:72,14
DA:74,14
DA:75,14
DA:77,14
DA:81,14
DA:83,14
DA:84,3
DA:85,3
DA:86,3
DA:87,3
DA:88,3
DA:92,14
DA:93,3
DA:94,3
DA:98,3
DA:99,3
DA:100,3
DA:102,3
DA:103,3
DA:104,3
DA:105,3
DA:106,2
DA:107,2
DA:108,0
DA:111,1
DA:112,1
DA:114,3
DA:118,14
DA:119,1
DA:120,1
DA:121,1
DA:122,1
DA:125,14
DA:127,14
DA:128,0
DA:129,0
DA:130,0
DA:131,0
DA:132,0
DA:133,0
DA:134,0
DA:136,0
DA:146,0
DA:147,0
DA:149,0
DA:150,0
DA:154,0
DA:158,14
DA:159,0
DA:160,0
DA:161,0
DA:162,0
DA:163,0
DA:166,14
DA:170,0
DA:203,0
DA:208,0
DA:209,0
DA:227,0
DA:243,0
DA:253,0
DA:265,3
DA:267,3
DA:268,3
DA:275,0
DA:276,0
DA:304,2
DA:307,1
DA:340,0
DA:342,0
DA:369,0
DA:372,168
DA:373,168
DA:380,0
DA:381,0
DA:410,1
LF:87
LH:54
BRDA:55,0,0,0
BRDA:55,0,1,1
BRDA:85,1,0,3
BRDA:85,1,1,0
BRDA:94,2,0,0
BRDA:94,2,1,3
BRDA:107,3,0,0
BRDA:107,3,1,2
BRDA:111,4,0,0
BRDA:111,4,1,1
BRDA:114,5,0,3
BRDA:114,5,1,0
BRDA:125,6,0,14
BRDA:125,6,1,0
BRDA:125,6,2,0
BRDA:128,7,0,0
BRDA:128,7,1,0
BRDA:128,8,0,0
BRDA:128,8,1,0
BRDA:132,9,0,0
BRDA:132,9,1,0
BRDA:133,10,0,0
BRDA:133,10,1,0
BRDA:134,11,0,0
BRDA:134,11,1,0
BRDA:170,12,0,0
BRDA:170,12,1,14
BRDA:172,13,0,14
BRDA:172,13,1,0
BRDA:180,14,0,14
BRDA:180,14,1,0
BRDA:183,15,0,14
BRDA:183,15,1,0
BRDA:214,16,0,0
BRDA:214,16,1,14
BRDA:217,17,0,14
BRDA:217,17,1,14
BRDA:279,18,0,3
BRDA:279,18,1,11
BRDA:293,19,0,14
BRDA:293,19,1,1
BRDA:298,20,0,14
BRDA:298,20,1,1
BRDA:301,21,0,14
BRDA:301,21,1,2
BRDA:317,22,0,14
BRDA:317,22,1,0
BRDA:377,23,0,168
BRDA:377,23,1,0
BRDA:388,24,0,168
BRDA:388,24,1,0
BRDA:393,25,0,168
BRDA:393,25,1,0
BRDA:420,26,0,0
BRDA:420,26,1,1
BRF:55
BRH:27
end_of_record
TN:
SF:app/results.tsx
FN:24,(anonymous_0)
FN:31,(anonymous_1)
FN:36,ResultsScreen
FN:56,(anonymous_3)
FN:69,(anonymous_4)
FN:94,(anonymous_5)
FN:108,(anonymous_6)
FN:138,(anonymous_7)
FN:157,(anonymous_8)
FNF:9
FNH:4
FNDA:0,(anonymous_0)
FNDA:1,(anonymous_1)
FNDA:3,ResultsScreen
FNDA:3,(anonymous_3)
FNDA:0,(anonymous_4)
FNDA:0,(anonymous_5)
FNDA:0,(anonymous_6)
FNDA:0,(anonymous_7)
FNDA:2,(anonymous_8)
DA:24,1
DA:25,0
DA:26,0
DA:27,0
DA:28,0
DA:31,1
DA:32,1
DA:41,3
DA:43,3
DA:49,3
DA:50,3
DA:51,3
DA:53,3
DA:54,3
DA:56,3
DA:57,3
DA:58,0
DA:59,0
DA:60,0
DA:63,3
DA:64,3
DA:65,3
DA:66,3
DA:68,3
DA:70,0
DA:71,0
DA:73,0
DA:74,0
DA:75,0
DA:76,0
DA:77,0
DA:78,0
DA:81,0
DA:82,0
DA:87,3
DA:94,0
DA:108,0
DA:139,0
DA:157,2
DA:165,1
LF:40
LH:20
BRDA:26,0,0,0
BRDA:26,0,1,0
BRDA:27,1,0,0
BRDA:27,1,1,0
BRDA:28,2,0,0
BRDA:28,2,1,0
BRDA:32,3,0,0
BRDA:32,3,1,1
BRDA:43,4,0,3
BRDA:43,4,1,0
BRDA:49,5,0,3
BRDA:49,5,1,0
BRDA:50,6,0,3
BRDA:50,6,1,0
BRDA:53,7,0,3
BRDA:53,7,1,0
BRDA:57,8,0,3
BRDA:57,8,1,0
BRDA:57,9,0,3
BRDA:57,9,1,0
BRDA:63,10,0,3
BRDA:63,10,1,0
BRDA:64,11,0,3
BRDA:64,11,1,0
BRDA:65,12,0,3
BRDA:65,12,1,0
BRDA:66,13,0,3
BRDA:66,13,1,0
BRDA:70,14,0,0
BRDA:70,14,1,0
BRDA:73,15,0,0
BRDA:73,15,1,0
BRDA:76,16,0,0
BRDA:76,16,1,0
BRDA:96,17,0,3
BRDA:96,17,1,3
BRDA:103,18,0,0
BRDA:103,18,1,3
BRDA:103,19,0,3
BRDA:103,19,1,3
BRDA:110,20,0,3
BRDA:110,20,1,3
BRDA:117,21,0,0
BRDA:117,21,1,3
BRDA:117,22,0,3
BRDA:117,22,1,3
BRDA:126,23,0,0
BRDA:126,23,1,3
BRDA:128,24,0,1
BRDA:128,24,1,2
BRDA:139,25,0,0
BRDA:139,25,1,0
BRDA:144,26,0,2
BRDA:144,26,1,0
BRDA:175,27,0,0
BRDA:175,27,1,1
BRF:56
BRH:26
end_of_record
TN:
SF:app/search.tsx
FN:22,(anonymous_0)
FN:24,SearchScreen
FN:30,(anonymous_2)
FN:32,(anonymous_3)
FN:37,(anonymous_4)
FN:43,(anonymous_5)
FN:52,(anonymous_6)
FN:61,(anonymous_7)
FN:83,(anonymous_8)
FN:108,(anonymous_9)
FN:143,(anonymous_10)
FN:149,(anonymous_11)
FN:151,(anonymous_12)
FN:163,(anonymous_13)
FNF:14
FNH:9
FNDA:30,(anonymous_0)
FNDA:7,SearchScreen
FNDA:4,(anonymous_2)
FNDA:2,(anonymous_3)
FNDA:1,(anonymous_4)
FNDA:1,(anonymous_5)
FNDA:0,(anonymous_6)
FNDA:0,(anonymous_7)
FNDA:2,(anonymous_8)
FNDA:0,(anonymous_9)
FNDA:0,(anonymous_10)
FNDA:0,(anonymous_11)
FNDA:174,(anonymous_12)
FNDA:1,(anonymous_13)
DA:22,30
DA:25,7
DA:26,7
DA:27,7
DA:29,7
DA:30,7
DA:32,7
DA:33,2
DA:34,2
DA:37,7
DA:38,1
DA:39,1
DA:42,7
DA:44,1
DA:45,1
DA:46,1
DA:51,7
DA:53,0
DA:54,0
DA:59,7
DA:61,7
DA:62,0
DA:63,0
DA:69,7
DA:83,2
DA:108,0
DA:143,0
DA:149,0
DA:152,174
DA:153,174
DA:157,174
DA:164,1
DA:195,1
LF:33
LH:26
BRDA:59,0,0,7
BRDA:59,0,1,1
BRDA:62,1,0,0
BRDA:62,1,1,0
BRDA:82,2,0,7
BRDA:82,2,1,1
BRDA:89,3,0,7
BRDA:89,3,1,6
BRDA:92,4,0,7
BRDA:92,4,1,6
BRDA:106,5,0,7
BRDA:106,5,1,0
BRDA:115,6,0,7
BRDA:115,6,1,7
BRDA:118,7,0,0
BRDA:118,7,1,7
BRDA:148,8,0,2
BRDA:148,8,1,5
BRDA:153,9,0,24
BRDA:153,9,1,150
BRDA:161,10,0,174
BRDA:161,10,1,0
BRDA:164,11,0,1
BRDA:164,11,1,0
BRDA:173,12,0,174
BRDA:173,12,1,0
BRDA:176,13,0,24
BRDA:176,13,1,150
BRDA:178,14,0,174
BRDA:178,14,1,0
BRDA:202,15,0,0
BRDA:202,15,1,1
BRF:32
BRH:23
end_of_record
TN:
SF:components/DegreeCard.tsx
FN:12,DegreeCard
FNF:1
FNH:1
FNDA:2,DegreeCard
DA:19,2
DA:44,1
LF:2
LH:2
BRF:0
BRH:0
end_of_record
TN:
SF:components/LoadingScreen.tsx
FN:8,LoadingScreen
FN:12,(anonymous_1)
FN:42,(anonymous_2)
FN:56,(anonymous_3)
FNF:4
FNH:4
FNDA:1,LoadingScreen
FNDA:1,(anonymous_1)
FNDA:1,(anonymous_2)
FNDA:200,(anonymous_3)
DA:9,1
DA:10,1
DA:12,1
DA:13,1
DA:21,1
DA:36,1
DA:37,1
DA:42,1
DA:43,1
DA:44,1
DA:48,1
DA:53,1
DA:57,200
DA:72,1
LF:14
LH:14
BRF:0
BRH:0
end_of_record
TN:
SF:components/PlanetRow.tsx
FN:10,(anonymous_0)
FN:16,PlanetRow
FN:17,(anonymous_2)
FN:19,(anonymous_3)
FNF:4
FNH:4
FNDA:4,(anonymous_0)
FNDA:4,PlanetRow
FNDA:4,(anonymous_2)
FNDA:3,(anonymous_3)
DA:10,1
DA:11,4
DA:12,4
DA:13,4
DA:17,4
DA:19,4
DA:20,3
DA:26,4
DA:42,1
LF:9
LH:9
BRDA:12,0,0,0
BRDA:12,0,1,4
BRDA:13,1,0,1
BRDA:13,1,1,3
BRF:4
BRH:3
end_of_record
TN:
SF:components/Star.tsx
FN:10,Star
FN:14,(anonymous_1)
FNF:2
FNH:0
FNDA:0,Star
FNDA:0,(anonymous_1)
DA:11,0
DA:12,0
DA:14,0
DA:15,0
DA:17,0
DA:35,0
DA:38,0
LF:7
LH:0
BRF:0
BRH:0
end_of_record
TN:
SF:components/ui/back-button.tsx
FN:6,BackButton
FN:8,(anonymous_1)
FNF:2
FNH:1
FNDA:10,BackButton
FNDA:0,(anonymous_1)
DA:7,10
DA:8,0
LF:2
LH:1
BRF:0
BRH:0
end_of_record
TN:
SF:components/ui/home-button.tsx
FN:12,OracleButton
FNF:1
FNH:0
FNDA:0,OracleButton
DA:18,0
DA:48,0
LF:2
LH:0
BRDA:16,0,0,0
BRDA:20,1,0,0
BRDA:20,1,1,0
BRDA:29,2,0,0
BRDA:29,2,1,0
BRDA:37,3,0,0
BRDA:37,3,1,0
BRF:7
BRH:0
end_of_record
TN:
SF:components/ui/primary-button.tsx
FN:16,PrimaryButton
FNF:1
FNH:1
FNDA:7,PrimaryButton
DA:17,7
DA:19,7
DA:36,1
LF:3
LH:3
BRDA:17,0,0,7
BRDA:17,0,1,0
BRDA:21,1,0,7
BRDA:21,1,1,7
BRDA:25,2,0,0
BRDA:25,2,1,7
BRDA:28,3,0,7
BRDA:28,3,1,7
BRF:8
BRH:6
end_of_record
TN:
SF:components/ui/screen-header.tsx
FN:12,ScreenHeader
FNF:1
FNH:1
FNDA:10,ScreenHeader
DA:13,10
DA:27,2
LF:2
LH:2
BRDA:15,0,0,0
BRDA:15,0,1,10
BRDA:22,1,0,10
BRDA:22,1,1,3
BRDA:33,2,0,0
BRDA:33,2,1,2
BRF:6
BRH:4
end_of_record
TN:
SF:hooks/use-degree.ts
FN:6,(anonymous_0)
FN:10,(anonymous_1)
FN:11,(anonymous_2)
FN:19,(anonymous_3)
FN:22,(anonymous_4)
FNF:5
FNH:5
FNDA:7,(anonymous_0)
FNDA:4,(anonymous_1)
FNDA:4,(anonymous_2)
FNDA:6,(anonymous_3)
FNDA:2,(anonymous_4)
DA:6,1
DA:7,7
DA:8,7
DA:10,4
DA:11,4
DA:19,1
DA:20,6
DA:22,2
LF:8
LH:8
BRDA:6,0,0,0
BRDA:11,1,0,2
BRDA:11,1,1,2
BRDA:19,2,0,0
BRDA:23,3,0,6
BRDA:23,3,1,6
BRDA:23,3,2,5
BRF:7
BRH:5
end_of_record
TN:
SF:services/api.ts
FN:24,(anonymous_0)
FN:40,request
FN:70,(anonymous_2)
FN:77,(anonymous_3)
FN:91,(anonymous_4)
FN:101,(anonymous_5)
FNF:6
FNH:6
FNDA:4,(anonymous_0)
FNDA:9,request
FNDA:4,(anonymous_2)
FNDA:2,(anonymous_3)
FNDA:3,(anonymous_4)
FNDA:1,(anonymous_5)
DA:3,2
DA:5,2
DA:17,2
DA:29,4
DA:30,4
DA:46,9
DA:47,9
DA:49,1
DA:50,1
DA:53,8
DA:54,2
DA:55,2
DA:62,6
DA:63,6
DA:65,1
DA:66,1
DA:70,2
DA:71,4
DA:77,2
DA:81,2
DA:91,2
DA:95,3
DA:101,3
LF:23
LH:23
BRDA:53,0,0,2
BRDA:53,0,1,6
BRF:2
BRH:2
end_of_record
TN:
SF:services/astrology.ts
FN:22,(anonymous_0)
FN:45,(anonymous_1)
FN:46,(anonymous_2)
FNF:3
FNH:0
FNDA:0,(anonymous_0)
FNDA:0,(anonymous_1)
FNDA:0,(anonymous_2)
DA:14,0
DA:22,0
DA:25,0
DA:35,0
DA:37,0
DA:38,0
DA:40,0
DA:41,0
DA:42,0
DA:44,0
DA:45,0
DA:46,0
LF:12
LH:0
BRDA:49,0,0,0
BRDA:49,0,1,0
BRDA:50,1,0,0
BRDA:50,1,1,0
BRDA:51,2,0,0
BRDA:51,2,1,0
BRF:6
BRH:0
end_of_record
